<?xml version="1.0" encoding="UTF-8"?>
<!--
    Repository and Service layers
-->
<beans xmlns="http://www.springframework.org/schema/beans" xmlns:xsi="http://www.w3.org/2001/XMLSchema-instance"
	xmlns:p="http://www.springframework.org/schema/p" 
	xmlns:context="http://www.springframework.org/schema/context"
	xmlns:tx="http://www.springframework.org/schema/tx" 
	xmlns:jpa="http://www.springframework.org/schema/data/jpa"
	xmlns:security="http://www.springframework.org/schema/security"
	xmlns:util="http://www.springframework.org/schema/util"
	xsi:schemaLocation="http://www.springframework.org/schema/beans http://www.springframework.org/schema/beans/spring-beans.xsd
		http://www.springframework.org/schema/data/jpa http://www.springframework.org/schema/data/jpa/spring-jpa.xsd
		http://www.springframework.org/schema/tx http://www.springframework.org/schema/tx/spring-tx.xsd
		http://www.springframework.org/schema/security 
 		http://www.springframework.org/schema/security/spring-security-4.0.xsd
 		http://www.springframework.org/schema/util
		http://www.springframework.org/schema/util/spring-util-4.2.xsd
		http://www.springframework.org/schema/context http://www.springframework.org/schema/context/spring-context.xsd">
		
 <!-- ========================= RESOURCE DEFINITIONS ========================= -->
    
 <!-- This is for annotations to work -->	
<context:annotation-config />


<context:component-scan base-package="org.openbox.sf5.model, org.openbox.sf5.dao
, org.openbox.sf5.service, org.openbox.sf5.common, org.openbox.sf5.json, org.openbox.sf5.jaxws" />

<context:property-placeholder location="classpath:application.properties" system-properties-mode="OVERRIDE"/>

<bean class="org.springframework.context.support.PropertySourcesPlaceholderConfigurer">
    <property name="ignoreUnresolvablePlaceholders" value="false" />
    <property name="localOverride" value="false" />
    <property name="ignoreResourceNotFound" value="true" />
    <property name="locations">
        <list>
            <value>classpath:application.properties</value>
        </list>
    </property>
</bean>


<!-- In tests we need only few beans -->
<!-- http://docs.spring.io/autorepo/docs/spring/4.2.x/spring-framework-reference/html/transaction.html

Difference between container and local datasource transaction managers.
 -->

<bean id="dataSource"
	class="org.springframework.jdbc.datasource.DriverManagerDataSource">
	<property name="driverClassName" value="${db.driver}" />
	<property name="url" value="${jdbcUrl}" />
	<property name="username" value="${db.user}" />
	<property name="password" value="{db.password}" />
</bean>
	

<bean id="entityManagerFactory" class="org.springframework.orm.jpa.LocalContainerEntityManagerFactoryBean">
	<property name="jpaVendorAdapter">
		<bean class="org.springframework.orm.jpa.vendor.HibernateJpaVendorAdapter">
			<property name="showSql" value="true" />
			<property name="generateDdl" value="true" />
		</bean>
	</property>
	<property name="jpaProperties">
		<props>
			<prop key="hibernate.hbm2ddl.auto">update</prop>
			<prop key="hibernate.dialect">org.hibernate.dialect.H2Dialect</prop>
			<prop key="hibernate.current_session_context_class">thread</prop>
		</props>
	</property>
	<property name="packagesToScan">
	 	<array>
			<value>org.openbox.sf5.model</value> 
		</array>
	</property>
	<property name="persistenceUnitName" value="emf"/>
	<property name="dataSource" ref="dataSource" />
</bean>


<!-- We are now using entity manager -->
<bean id="transactionManager" class="org.springframework.orm.jpa.JpaTransactionManager">
	<property name="dataSource" ref="dataSource" />
	<property name="entityManagerFactory" ref="entityManagerFactory" />
</bean>

<tx:annotation-driven transaction-manager="transactionManager" />



<bean id="jacksonObjectMapper" 
	class="org.openbox.sf5.json.service.CustomObjectMapper">
	
</bean>   

<bean id="jacksonXMLMapper" class="com.fasterxml.jackson.dataformat.xml.XmlMapper">

</bean>


<!-- For converting to SF5 XML format -->
<bean class="org.springframework.oxm.jaxb.Jaxb2Marshaller"> 
	<property name="classesToBeBound">
		<list>
        <value>org.openbox.sf5.model.Sat</value>
 
        </list>
    </property>
    <property name="marshallerProperties">
        <map>
            <entry>
            	<key>
                    <util:constant static-field="javax.xml.bind.Marshaller.JAXB_FORMATTED_OUTPUT" />
               	</key>
               <value type="java.lang.Boolean">true</value>
            </entry>
            <entry>
            	<key>
            		<util:constant static-field="javax.xml.bind.Marshaller.JAXB_ENCODING"/>
            	</key>
            	<value type="java.lang.String">UTF-8</value>
            </entry>
            <entry>
            	<key>
            		<util:constant static-field="javax.xml.bind.Marshaller.JAXB_FRAGMENT"/>
            	</key>
            	<value type="java.lang.Boolean">true</value>
            </entry>
        </map>
    </property>
    	
</bean>

<bean class="org.springframework.web.util.UriComponentsBuilder"> </bean>

</beans>  