<?xml version="1.0" encoding="UTF-8"?>
<!--
    Repository and Service layers
-->
<beans xmlns="http://www.springframework.org/schema/beans" xmlns:xsi="http://www.w3.org/2001/XMLSchema-instance"
	xmlns:p="http://www.springframework.org/schema/p" 
	xmlns:context="http://www.springframework.org/schema/context"
	xmlns:tx="http://www.springframework.org/schema/tx" 
	xmlns:jpa="http://www.springframework.org/schema/data/jpa"
	xmlns:security="http://www.springframework.org/schema/security"
	xmlns:util="http://www.springframework.org/schema/util"
	xsi:schemaLocation="http://www.springframework.org/schema/beans http://www.springframework.org/schema/beans/spring-beans.xsd
		http://www.springframework.org/schema/data/jpa http://www.springframework.org/schema/data/jpa/spring-jpa.xsd
		http://www.springframework.org/schema/tx http://www.springframework.org/schema/tx/spring-tx.xsd
		http://www.springframework.org/schema/security 
 		http://www.springframework.org/schema/security/spring-security-4.0.xsd
 		http://www.springframework.org/schema/util
		http://www.springframework.org/schema/util/spring-util-4.2.xsd
		http://www.springframework.org/schema/context http://www.springframework.org/schema/context/spring-context.xsd">
		
 <!-- ========================= RESOURCE DEFINITIONS ========================= -->
    
 <!-- This is for annotations to work -->	
<context:annotation-config />

<!-- This section enables autowiring -->	
<context:component-scan base-package="org.openbox.sf5.model" />
<context:component-scan base-package="org.openbox.sf5.dao" /> <!-- Probably this is for autowiring -->
<context:component-scan base-package="org.openbox.sf5.service" />
<context:component-scan base-package="org.openbox.sf5.common" />
<context:component-scan base-package="org.openbox.sf5.json" />
<context:component-scan base-package="org.openbox.sf5.jaxws" />

<context:property-placeholder location="classpath:application.properties" system-properties-mode="OVERRIDE"/>


<!-- In tests we need only few beans -->
<!-- http://docs.spring.io/autorepo/docs/spring/4.2.x/spring-framework-reference/html/transaction.html

Difference between container and local datasource transaction managers.
 -->

<bean id="dataSource"
	class="org.springframework.jdbc.datasource.DriverManagerDataSource">
	<property name="driverClassName" value="${db.driver}" />
	<property name="url" value="${jdbcUrl}" />
	<property name="username" value="${db.user}" />
	<property name="password" value="{db.password}" />
</bean>
	

	
<bean id="sessionFactory" class="org.springframework.orm.hibernate5.LocalSessionFactoryBean">
    <property name="dataSource" ref="dataSource" />
    <property name="packagesToScan" value="org.openbox.sf5.model" /> 
<!--     <property name="jtaTransactionManager" ref="transactionManager"/>   -->
    <property name="configLocation"> 
		<value>classpath:hibernate.cfg.xml</value> 
    </property> 
</bean>

<bean id="transactionManager"
    class="org.springframework.orm.hibernate5.HibernateTransactionManager">
    <property name="sessionFactory" ref="sessionFactory" />
</bean>

<tx:annotation-driven transaction-manager="transactionManager" />



<bean id="jacksonObjectMapper" 
	class="org.openbox.sf5.json.service.CustomObjectMapper">
	
</bean>   

<bean id="jacksonXMLMapper" class="com.fasterxml.jackson.dataformat.xml.XmlMapper">

</bean>


<!-- For converting to SF5 XML format -->
<bean class="org.springframework.oxm.jaxb.Jaxb2Marshaller"> 
	<property name="classesToBeBound">
		<list>
        <value>org.openbox.sf5.model.Sat</value>
 
        </list>
    </property>
    <property name="marshallerProperties">
        <map>
            <entry>
            	<key>
                    <util:constant static-field="javax.xml.bind.Marshaller.JAXB_FORMATTED_OUTPUT" />
               	</key>
               <value type="java.lang.Boolean">true</value>
            </entry>
            <entry>
            	<key>
            		<util:constant static-field="javax.xml.bind.Marshaller.JAXB_ENCODING"/>
            	</key>
            	<value type="java.lang.String">UTF-8</value>
            </entry>
            <entry>
            	<key>
            		<util:constant static-field="javax.xml.bind.Marshaller.JAXB_FRAGMENT"/>
            	</key>
            	<value type="java.lang.Boolean">true</value>
            </entry>
        </map>
    </property>
    	
</bean>

<bean class="org.springframework.web.util.UriComponentsBuilder"> </bean>

</beans>  